{"uuid":"2a5f010d-a7ab-4a44-8972-6cea6074dda0","historyId":"ddb08cf4b6bff9edeff8961e25535c33","fullName":"com.qa.ecommerce.base.BaseTest.SetUp","labels":[{"name":"package","value":"com.qa.ecommerce.base.BaseTest"},{"name":"testClass","value":"com.qa.ecommerce.base.BaseTest"},{"name":"testMethod","value":"SetUp"},{"name":"parentSuite","value":"Command line suite"},{"name":"suite","value":"Command line test"},{"name":"subSuite","value":"com.qa.ecommerce.base.BaseTest"},{"name":"host","value":"aLi"},{"name":"thread","value":"21996@aLi.main(1)"},{"name":"framework","value":"testng"},{"name":"language","value":"java"},{"name":"AS_ID","value":"-1"}],"links":[],"name":"SetUp","status":"broken","statusDetails":{"known":false,"muted":false,"flaky":false,"message":"Error {\n  message='Error connecting to Selenium at http://localhost:4444/wd/hub /session: Unable to find handler for (POST) /wd/hub /session\n  name='Error\n  stack='Error: Error connecting to Selenium at http://localhost:4444/wd/hub /session: Unable to find handler for (POST) /wd/hub /session\n    at seleniumErrorHandler (C:\\Users\\HP\\AppData\\Local\\Temp\\playwright-java-14601308467155396363\\package\\lib\\server\\chromium\\chromium.js:325:10)\n    at process.processTicksAndRejections (node:internal/process/task_queues:95:5)\n    at async C:\\Users\\HP\\AppData\\Local\\Temp\\playwright-java-14601308467155396363\\package\\lib\\utils\\network.js:94:33\n}\nCall log:\n- <selenium> connecting to http://localhost:4444/wd/hub /\n","trace":"com.microsoft.playwright.PlaywrightException: Error {\n  message='Error connecting to Selenium at http://localhost:4444/wd/hub /session: Unable to find handler for (POST) /wd/hub /session\n  name='Error\n  stack='Error: Error connecting to Selenium at http://localhost:4444/wd/hub /session: Unable to find handler for (POST) /wd/hub /session\n    at seleniumErrorHandler (C:\\Users\\HP\\AppData\\Local\\Temp\\playwright-java-14601308467155396363\\package\\lib\\server\\chromium\\chromium.js:325:10)\n    at process.processTicksAndRejections (node:internal/process/task_queues:95:5)\n    at async C:\\Users\\HP\\AppData\\Local\\Temp\\playwright-java-14601308467155396363\\package\\lib\\utils\\network.js:94:33\n}\nCall log:\n- <selenium> connecting to http://localhost:4444/wd/hub /\n\r\n\tat com.microsoft.playwright.impl.WaitableResult.get(WaitableResult.java:56)\r\n\tat com.microsoft.playwright.impl.ChannelOwner.runUntil(ChannelOwner.java:120)\r\n\tat com.microsoft.playwright.impl.Connection.sendMessage(Connection.java:130)\r\n\tat com.microsoft.playwright.impl.ChannelOwner.sendMessage(ChannelOwner.java:106)\r\n\tat com.microsoft.playwright.impl.BrowserTypeImpl.launchImpl(BrowserTypeImpl.java:50)\r\n\tat com.microsoft.playwright.impl.BrowserTypeImpl.lambda$launch$0(BrowserTypeImpl.java:42)\r\n\tat com.microsoft.playwright.impl.LoggingSupport.withLogging(LoggingSupport.java:47)\r\n\tat com.microsoft.playwright.impl.ChannelOwner.withLogging(ChannelOwner.java:89)\r\n\tat com.microsoft.playwright.impl.BrowserTypeImpl.launch(BrowserTypeImpl.java:42)\r\n\tat com.microsoft.playwright.impl.BrowserTypeImpl.launch(BrowserTypeImpl.java:35)\r\n\tat com.qa.ecommerce.factory.playwrightFactory.initBrowser(playwrightFactory.java:49)\r\n\tat com.qa.ecommerce.base.BaseTest.SetUp(BaseTest.java:25)\r\n\tat java.base/jdk.internal.reflect.DirectMethodHandleAccessor.invoke(DirectMethodHandleAccessor.java:104)\r\n\tat java.base/java.lang.reflect.Method.invoke(Method.java:578)\r\n\tat org.testng.internal.invokers.MethodInvocationHelper.invokeMethod(MethodInvocationHelper.java:141)\r\n\tat org.testng.internal.invokers.MethodInvocationHelper.invokeMethodConsideringTimeout(MethodInvocationHelper.java:71)\r\n\tat org.testng.internal.invokers.ConfigInvoker.invokeConfigurationMethod(ConfigInvoker.java:400)\r\n\tat org.testng.internal.invokers.ConfigInvoker.invokeConfigurations(ConfigInvoker.java:333)\r\n\tat org.testng.TestRunner.invokeTestConfigurations(TestRunner.java:655)\r\n\tat org.testng.TestRunner.beforeRun(TestRunner.java:644)\r\n\tat org.testng.TestRunner.run(TestRunner.java:610)\r\n\tat org.testng.SuiteRunner.runTest(SuiteRunner.java:421)\r\n\tat org.testng.SuiteRunner.runSequentially(SuiteRunner.java:413)\r\n\tat org.testng.SuiteRunner.privateRun(SuiteRunner.java:373)\r\n\tat org.testng.SuiteRunner.run(SuiteRunner.java:312)\r\n\tat org.testng.SuiteRunnerWorker.runSuite(SuiteRunnerWorker.java:52)\r\n\tat org.testng.SuiteRunnerWorker.run(SuiteRunnerWorker.java:95)\r\n\tat org.testng.TestNG.runSuitesSequentially(TestNG.java:1274)\r\n\tat org.testng.TestNG.runSuitesLocally(TestNG.java:1208)\r\n\tat org.testng.TestNG.runSuites(TestNG.java:1112)\r\n\tat org.testng.TestNG.run(TestNG.java:1079)\r\n\tat org.apache.maven.surefire.testng.TestNGExecutor.run(TestNGExecutor.java:77)\r\n\tat org.apache.maven.surefire.testng.TestNGDirectoryTestSuite.executeMulti(TestNGDirectoryTestSuite.java:159)\r\n\tat org.apache.maven.surefire.testng.TestNGDirectoryTestSuite.execute(TestNGDirectoryTestSuite.java:99)\r\n\tat org.apache.maven.surefire.testng.TestNGProvider.invoke(TestNGProvider.java:106)\r\n\tat java.base/jdk.internal.reflect.DirectMethodHandleAccessor.invoke(DirectMethodHandleAccessor.java:104)\r\n\tat java.base/java.lang.reflect.Method.invoke(Method.java:578)\r\n\tat org.apache.maven.surefire.util.ReflectionUtils.invokeMethodWithArray(ReflectionUtils.java:189)\r\n\tat org.apache.maven.surefire.booter.ProviderFactory$ProviderProxy.invoke(ProviderFactory.java:165)\r\n\tat org.apache.maven.surefire.booter.ProviderFactory.invokeProvider(ProviderFactory.java:85)\r\n\tat org.apache.maven.surefire.booter.ForkedBooter.runSuitesInProcess(ForkedBooter.java:115)\r\n\tat org.apache.maven.surefire.booter.ForkedBooter.main(ForkedBooter.java:75)\r\nCaused by: com.microsoft.playwright.impl.DriverException: Error {\n  message='Error connecting to Selenium at http://localhost:4444/wd/hub /session: Unable to find handler for (POST) /wd/hub /session\n  name='Error\n  stack='Error: Error connecting to Selenium at http://localhost:4444/wd/hub /session: Unable to find handler for (POST) /wd/hub /session\n    at seleniumErrorHandler (C:\\Users\\HP\\AppData\\Local\\Temp\\playwright-java-14601308467155396363\\package\\lib\\server\\chromium\\chromium.js:325:10)\n    at process.processTicksAndRejections (node:internal/process/task_queues:95:5)\n    at async C:\\Users\\HP\\AppData\\Local\\Temp\\playwright-java-14601308467155396363\\package\\lib\\utils\\network.js:94:33\n}\nCall log:\n- <selenium> connecting to http://localhost:4444/wd/hub /\n\r\n\tat com.microsoft.playwright.impl.Connection.dispatch(Connection.java:259)\r\n\tat com.microsoft.playwright.impl.Connection.processOneMessage(Connection.java:211)\r\n\tat com.microsoft.playwright.impl.ChannelOwner.runUntil(ChannelOwner.java:118)\r\n\t... 40 more\r\n"},"stage":"finished","steps":[],"attachments":[],"parameters":[],"start":1717786554482,"stop":1717786554486}